<?xml version="1.0" encoding="UTF-8"?>
<Site BuildName="Linux-g++"
	BuildStamp="20231215-1204-Experimental"
	Name="fedora"
	Generator="ctest-3.27.0"
	CompilerName="/usr/bin/g++"
	CompilerVersion="13.2.1"
	OSName="Linux"
	Hostname="fedora"
	OSRelease="6.6.6-200.fc39.x86_64"
	OSVersion="#1 SMP PREEMPT_DYNAMIC Mon Dec 11 17:29:08 UTC 2023"
	OSPlatform="x86_64"
	Is64Bits="1"
	VendorString="GenuineIntel"
	VendorID="Intel Corporation"
	FamilyID="6"
	ModelID="142"
	ProcessorCacheSize="4096"
	NumberOfLogicalCPU="4"
	NumberOfPhysicalCPU="2"
	TotalVirtualMemory="7642"
	TotalPhysicalMemory="7643"
	LogicalProcessorsPerPhysical="2"
	ProcessorClockFrequency="3400.01"
	>
	<Testing>
		<StartDateTime>Dec 15 13:04 CET</StartDateTime>
		<StartTestTime>1702641875</StartTestTime>
		<TestList/>
		<EndDateTime>Dec 15 13:04 CET</EndDateTime>
		<EndTestTime>1702641875</EndTestTime>
		<ElapsedMinutes>0</ElapsedMinutes>
	</Testing>
</Site>
