<?xml version="1.0" encoding="UTF-8"?>
<Site BuildName="Linux-g++"
	BuildStamp="20231222-1339-Experimental"
	Name="fedora"
	Generator="ctest-3.27.0"
	CompilerName="/usr/bin/g++"
	CompilerVersion="13.2.1"
	OSName="Linux"
	Hostname="fedora"
	OSRelease="6.6.7-200.fc39.x86_64"
	OSVersion="#1 SMP PREEMPT_DYNAMIC Wed Dec 13 21:43:37 UTC 2023"
	OSPlatform="x86_64"
	Is64Bits="1"
	VendorString="GenuineIntel"
	VendorID="Intel Corporation"
	FamilyID="6"
	ModelID="142"
	ProcessorCacheSize="4096"
	NumberOfLogicalCPU="4"
	NumberOfPhysicalCPU="2"
	TotalVirtualMemory="7642"
	TotalPhysicalMemory="7643"
	LogicalProcessorsPerPhysical="2"
	ProcessorClockFrequency="3299.98"
	>
	<Testing>
		<StartDateTime>Dec 22 14:51 CET</StartDateTime>
		<StartTestTime>1703253116</StartTestTime>
		<TestList/>
		<EndDateTime>Dec 22 14:51 CET</EndDateTime>
		<EndTestTime>1703253116</EndTestTime>
		<ElapsedMinutes>0</ElapsedMinutes>
	</Testing>
</Site>
