<?xml version="1.0" encoding="UTF-8"?>
<Site BuildName="Linux-gcc"
	BuildStamp="20231205-2142-Experimental"
	Name="fedora"
	Generator="ctest-3.26.4"
	CompilerName=""
	CompilerVersion=""
	OSName="Linux"
	Hostname="fedora"
	OSRelease="6.6.3-200.fc39.x86_64"
	OSVersion="#1 SMP PREEMPT_DYNAMIC Tue Nov 28 19:11:52 UTC 2023"
	OSPlatform="x86_64"
	Is64Bits="1"
	VendorString="GenuineIntel"
	VendorID="Intel Corporation"
	FamilyID="6"
	ModelID="142"
	ProcessorCacheSize="4096"
	NumberOfLogicalCPU="4"
	NumberOfPhysicalCPU="2"
	TotalVirtualMemory="7642"
	TotalPhysicalMemory="7643"
	LogicalProcessorsPerPhysical="2"
	ProcessorClockFrequency="3300.01"
	>
	<Testing>
		<StartDateTime>Dec 05 23:02 CET</StartDateTime>
		<StartTestTime>1701813760</StartTestTime>
		<TestList/>
		<EndDateTime>Dec 05 23:02 CET</EndDateTime>
		<EndTestTime>1701813760</EndTestTime>
		<ElapsedMinutes>0</ElapsedMinutes>
	</Testing>
</Site>
