<?xml version="1.0" encoding="UTF-8"?>
<Site BuildName="Linux-g++"
	BuildStamp="20231210-1740-Experimental"
	Name="fedora"
	Generator="ctest-3.27.0"
	CompilerName="/usr/bin/g++"
	CompilerVersion="13.2.1"
	OSName="Linux"
	Hostname="fedora"
	OSRelease="6.6.4-200.fc39.x86_64"
	OSVersion="#1 SMP PREEMPT_DYNAMIC Sun Dec  3 18:13:11 UTC 2023"
	OSPlatform="x86_64"
	Is64Bits="1"
	VendorString="GenuineIntel"
	VendorID="Intel Corporation"
	FamilyID="6"
	ModelID="142"
	ProcessorCacheSize="4096"
	NumberOfLogicalCPU="4"
	NumberOfPhysicalCPU="2"
	TotalVirtualMemory="7642"
	TotalPhysicalMemory="7643"
	LogicalProcessorsPerPhysical="2"
	ProcessorClockFrequency="3300"
	>
	<Testing>
		<StartDateTime>Dec 10 23:38 CET</StartDateTime>
		<StartTestTime>1702247938</StartTestTime>
		<TestList/>
		<EndDateTime>Dec 10 23:38 CET</EndDateTime>
		<EndTestTime>1702247938</EndTestTime>
		<ElapsedMinutes>0</ElapsedMinutes>
	</Testing>
</Site>
